2023-04-03 20:57:31.995 INFO  org.hibernate.validator.internal.util.Version     :21   [32m                  [0;39m HV000001: Hibernate Validator 8.0.0.Final
2023-04-03 20:57:32.020 INFO  c.e.s.config.SpringbootDemoThreeApplication       :51   [32m                  [0;39m Starting SpringbootDemoThreeApplication using Java 19.0.2 with PID 35540 (D:\github\SpringbootDemoThree\target\classes started by 汪敬一 in D:\github\SpringbootDemoThree)
2023-04-03 20:57:32.020 INFO  c.e.s.config.SpringbootDemoThreeApplication       :632  [32m                  [0;39m No active profile set, falling back to 1 default profile: "default"
2023-04-03 20:57:32.062 INFO  o.s.b.d.env.DevToolsPropertyDefaultsPostProcessor :250  [32m                  [0;39m Devtools property defaults active! Set 'spring.devtools.add-properties' to 'false' to disable
2023-04-03 20:57:32.063 INFO  o.s.b.d.env.DevToolsPropertyDefaultsPostProcessor :250  [32m                  [0;39m For additional web related logging consider setting the 'logging.level.web' property to 'DEBUG'
2023-04-03 20:57:33.257 INFO  o.s.boot.web.embedded.tomcat.TomcatWebServer      :108  [32m                  [0;39m Tomcat initialized with port(s): 8081 (http)
2023-04-03 20:57:33.265 INFO  org.apache.coyote.http11.Http11NioProtocol        :173  [32m                  [0;39m Initializing ProtocolHandler ["http-nio-8081"]
2023-04-03 20:57:33.266 INFO  org.apache.catalina.core.StandardService          :173  [32m                  [0;39m Starting service [Tomcat]
2023-04-03 20:57:33.266 INFO  org.apache.catalina.core.StandardEngine           :173  [32m                  [0;39m Starting Servlet engine: [Apache Tomcat/10.1.7]
2023-04-03 20:57:33.301 INFO  o.a.c.core.ContainerBase.[Tomcat].[localhost].[/] :173  [32m                  [0;39m Initializing Spring embedded WebApplicationContext
2023-04-03 20:57:33.301 INFO  o.s.b.w.s.c.ServletWebServerApplicationContext    :291  [32m                  [0;39m Root WebApplicationContext: initialization completed in 1237 ms
2023-04-03 20:57:34.219 INFO  o.s.b.d.autoconfigure.OptionalLiveReloadServer    :59   [32m                  [0;39m LiveReload server is running on port 35729
2023-04-03 20:57:34.225 INFO  o.s.b.actuate.endpoint.web.EndpointLinksResolver  :58   [32m                  [0;39m Exposing 1 endpoint(s) beneath base path '/actuator'
2023-04-03 20:57:34.260 INFO  org.apache.coyote.http11.Http11NioProtocol        :173  [32m                  [0;39m Starting ProtocolHandler ["http-nio-8081"]
2023-04-03 20:57:34.273 INFO  o.s.boot.web.embedded.tomcat.TomcatWebServer      :220  [32m                  [0;39m Tomcat started on port(s): 8081 (http) with context path ''
2023-04-03 20:57:34.283 INFO  c.e.s.config.SpringbootDemoThreeApplication       :57   [32m                  [0;39m Started SpringbootDemoThreeApplication in 2.628 seconds (process running for 3.136)
2023-04-03 20:57:34.288 INFO  c.e.s.config.SpringbootDemoThreeApplication       :21   [32m                  [0;39m 启动成功！！
2023-04-03 20:57:34.289 INFO  c.e.s.config.SpringbootDemoThreeApplication       :22   [32m                  [0;39m 地址: 	http://127.0.0.1:8081
2023-04-03 20:57:34.673 INFO  o.a.c.core.ContainerBase.[Tomcat].[localhost].[/] :173  [32m                  [0;39m Initializing Spring DispatcherServlet 'dispatcherServlet'
2023-04-03 20:57:34.673 INFO  org.springframework.web.servlet.DispatcherServlet :532  [32m                  [0;39m Initializing Servlet 'dispatcherServlet'
2023-04-03 20:57:34.675 INFO  com.zaxxer.hikari.HikariDataSource                :110  [32m                  [0;39m HikariPool-1 - Starting...
2023-04-03 20:57:34.675 INFO  org.springframework.web.servlet.DispatcherServlet :554  [32m                  [0;39m Completed initialization in 1 ms
2023-04-03 20:57:34.820 INFO  com.zaxxer.hikari.pool.HikariPool                 :565  [32m                  [0;39m HikariPool-1 - Added connection com.mysql.cj.jdbc.ConnectionImpl@d1fd777
2023-04-03 20:57:34.829 INFO  com.zaxxer.hikari.HikariDataSource                :123  [32m                  [0;39m HikariPool-1 - Start completed.
